[ 2019-01-19T18:05:12+08:00 ] 127.0.0.1 /usdt/index.php
INFO: [ app_init ] --START--
INFO: Run Behavior\BuildLiteBehavior [ RunTime:0.000008s ]
INFO: [ app_init ] --END-- [ RunTime:0.003932s ]
INFO: [ app_begin ] --START--
INFO: Run Behavior\ReadHtmlCacheBehavior [ RunTime:0.000826s ]
NOTIC: [2] Cannot modify header information - headers already sent by (output started at /Library/WebServer/Documents/usdt/Application/Common/Ext/FirePHP.class.php:2336) /Library/WebServer/Documents/usdt/ThinkPHP/Common/functions.php 第 2827 行.
INFO: Run Behavior\CheckLangBehavior [ RunTime:0.001758s ]
INFO: [ app_begin ] --END-- [ RunTime:0.002716s ]
NOTIC: [2] session_start(): Cannot send session cookie - headers already sent by (output started at /Library/WebServer/Documents/usdt/Application/Common/Ext/FirePHP.class.php:2336) /Library/WebServer/Documents/usdt/ThinkPHP/Common/functions.php 第 2527 行.
NOTIC: [2] session_start(): Cannot send session cache limiter - headers already sent (output started at /Library/WebServer/Documents/usdt/Application/Common/Ext/FirePHP.class.php:2336) /Library/WebServer/Documents/usdt/ThinkPHP/Common/functions.php 第 2527 行.
ERR: SQLSTATE[HY000] [1045] Access denied for user 'root'@'localhost' (using password: YES)
NOTIC: [2] Cannot modify header information - headers already sent by (output started at /Library/WebServer/Documents/usdt/Application/Common/Ext/FirePHP.class.php:2336) /Library/WebServer/Documents/usdt/ThinkPHP/Library/Think/Think.class.php 第 459 行.
NOTIC: [2] Cannot modify header information - headers already sent by (output started at /Library/WebServer/Documents/usdt/Application/Common/Ext/FirePHP.class.php:2336) /Library/WebServer/Documents/usdt/ThinkPHP/Library/Think/Think.class.php 第 461 行.

[ 2019-01-19T18:07:51+08:00 ] 127.0.0.1 /usdt/index.php
INFO: [ app_init ] --START--
INFO: Run Behavior\BuildLiteBehavior [ RunTime:0.000010s ]
INFO: [ app_init ] --END-- [ RunTime:0.004319s ]
INFO: [ app_begin ] --START--
INFO: Run Behavior\ReadHtmlCacheBehavior [ RunTime:0.000399s ]
NOTIC: [2] Cannot modify header information - headers already sent by (output started at /Library/WebServer/Documents/usdt/Application/Common/Ext/FirePHP.class.php:2336) /Library/WebServer/Documents/usdt/ThinkPHP/Common/functions.php 第 2827 行.
INFO: Run Behavior\CheckLangBehavior [ RunTime:0.000571s ]
INFO: [ app_begin ] --END-- [ RunTime:0.001147s ]
NOTIC: [2] session_start(): Cannot send session cookie - headers already sent by (output started at /Library/WebServer/Documents/usdt/Application/Common/Ext/FirePHP.class.php:2336) /Library/WebServer/Documents/usdt/ThinkPHP/Common/functions.php 第 2527 行.
NOTIC: [2] session_start(): Cannot send session cache limiter - headers already sent (output started at /Library/WebServer/Documents/usdt/Application/Common/Ext/FirePHP.class.php:2336) /Library/WebServer/Documents/usdt/ThinkPHP/Common/functions.php 第 2527 行.
ERR: SQLSTATE[HY000] [1049] Unknown database 'usdt'
NOTIC: [2] Cannot modify header information - headers already sent by (output started at /Library/WebServer/Documents/usdt/Application/Common/Ext/FirePHP.class.php:2336) /Library/WebServer/Documents/usdt/ThinkPHP/Library/Think/Think.class.php 第 459 行.
NOTIC: [2] Cannot modify header information - headers already sent by (output started at /Library/WebServer/Documents/usdt/Application/Common/Ext/FirePHP.class.php:2336) /Library/WebServer/Documents/usdt/ThinkPHP/Library/Think/Think.class.php 第 461 行.

[ 2019-01-19T18:07:52+08:00 ] 127.0.0.1 /usdt/index.php
INFO: [ app_init ] --START--
INFO: Run Behavior\BuildLiteBehavior [ RunTime:0.000012s ]
INFO: [ app_init ] --END-- [ RunTime:0.002816s ]
INFO: [ app_begin ] --START--
INFO: Run Behavior\ReadHtmlCacheBehavior [ RunTime:0.000571s ]
NOTIC: [2] Cannot modify header information - headers already sent by (output started at /Library/WebServer/Documents/usdt/Application/Common/Ext/FirePHP.class.php:2336) /Library/WebServer/Documents/usdt/ThinkPHP/Common/functions.php 第 2827 行.
INFO: Run Behavior\CheckLangBehavior [ RunTime:0.000465s ]
INFO: [ app_begin ] --END-- [ RunTime:0.001212s ]
NOTIC: [2] session_start(): Cannot send session cookie - headers already sent by (output started at /Library/WebServer/Documents/usdt/Application/Common/Ext/FirePHP.class.php:2336) /Library/WebServer/Documents/usdt/ThinkPHP/Common/functions.php 第 2527 行.
NOTIC: [2] session_start(): Cannot send session cache limiter - headers already sent (output started at /Library/WebServer/Documents/usdt/Application/Common/Ext/FirePHP.class.php:2336) /Library/WebServer/Documents/usdt/ThinkPHP/Common/functions.php 第 2527 行.
ERR: SQLSTATE[HY000] [1049] Unknown database 'usdt'
NOTIC: [2] Cannot modify header information - headers already sent by (output started at /Library/WebServer/Documents/usdt/Application/Common/Ext/FirePHP.class.php:2336) /Library/WebServer/Documents/usdt/ThinkPHP/Library/Think/Think.class.php 第 459 行.
NOTIC: [2] Cannot modify header information - headers already sent by (output started at /Library/WebServer/Documents/usdt/Application/Common/Ext/FirePHP.class.php:2336) /Library/WebServer/Documents/usdt/ThinkPHP/Library/Think/Think.class.php 第 461 行.

[ 2019-01-19T18:12:02+08:00 ] 127.0.0.1 /usdt/index.php
INFO: [ app_init ] --START--
INFO: Run Behavior\BuildLiteBehavior [ RunTime:0.000010s ]
INFO: [ app_init ] --END-- [ RunTime:0.002187s ]
INFO: [ app_begin ] --START--
INFO: Run Behavior\ReadHtmlCacheBehavior [ RunTime:0.000474s ]
NOTIC: [2] Cannot modify header information - headers already sent by (output started at /Library/WebServer/Documents/usdt/Application/Common/Ext/FirePHP.class.php:2336) /Library/WebServer/Documents/usdt/ThinkPHP/Common/functions.php 第 2827 行.
INFO: Run Behavior\CheckLangBehavior [ RunTime:0.000257s ]
INFO: [ app_begin ] --END-- [ RunTime:0.000825s ]
NOTIC: [2] session_start(): Cannot send session cookie - headers already sent by (output started at /Library/WebServer/Documents/usdt/Application/Common/Ext/FirePHP.class.php:2336) /Library/WebServer/Documents/usdt/ThinkPHP/Common/functions.php 第 2527 行.
NOTIC: [2] session_start(): Cannot send session cache limiter - headers already sent (output started at /Library/WebServer/Documents/usdt/Application/Common/Ext/FirePHP.class.php:2336) /Library/WebServer/Documents/usdt/ThinkPHP/Common/functions.php 第 2527 行.
ERR: 1146:Table 'usdt.cy_user_coin' doesn't exist
 [ SQL语句 ] : SHOW COLUMNS FROM `cy_user_coin`
ERR: 1146:Table 'usdt.cy_user_coin' doesn't exist
 [ SQL语句 ] : SHOW COLUMNS FROM `cy_user_coin`
NOTIC: [2] Cannot modify header information - headers already sent by (output started at /Library/WebServer/Documents/usdt/Application/Common/Ext/FirePHP.class.php:2336) /Library/WebServer/Documents/usdt/ThinkPHP/Library/Think/Think.class.php 第 459 行.
NOTIC: [2] Cannot modify header information - headers already sent by (output started at /Library/WebServer/Documents/usdt/Application/Common/Ext/FirePHP.class.php:2336) /Library/WebServer/Documents/usdt/ThinkPHP/Library/Think/Think.class.php 第 461 行.

[ 2019-01-19T18:27:57+08:00 ] 127.0.0.1 /usdt/index.php
INFO: [ app_init ] --START--
INFO: Run Behavior\BuildLiteBehavior [ RunTime:0.000006s ]
INFO: [ app_init ] --END-- [ RunTime:0.003643s ]
INFO: [ app_begin ] --START--
INFO: Run Behavior\ReadHtmlCacheBehavior [ RunTime:0.000752s ]
NOTIC: [2] Cannot modify header information - headers already sent by (output started at /Library/WebServer/Documents/usdt/Application/Common/Ext/FirePHP.class.php:2336) /Library/WebServer/Documents/usdt/ThinkPHP/Common/functions.php 第 2827 行.
INFO: Run Behavior\CheckLangBehavior [ RunTime:0.001907s ]
INFO: [ app_begin ] --END-- [ RunTime:0.002804s ]
NOTIC: [2] session_start(): Cannot send session cookie - headers already sent by (output started at /Library/WebServer/Documents/usdt/Application/Common/Ext/FirePHP.class.php:2336) /Library/WebServer/Documents/usdt/ThinkPHP/Common/functions.php 第 2527 行.
NOTIC: [2] session_start(): Cannot send session cache limiter - headers already sent (output started at /Library/WebServer/Documents/usdt/Application/Common/Ext/FirePHP.class.php:2336) /Library/WebServer/Documents/usdt/ThinkPHP/Common/functions.php 第 2527 行.
SQL: SHOW COLUMNS FROM `cy_user_coin` [ RunTime:0.0022s ]
SQL: SELECT * FROM `cy_user_coin` WHERE `userid` = null LIMIT 1   [ RunTime:0.0005s ]
SQL: SHOW COLUMNS FROM `cy_newad` [ RunTime:0.0012s ]
SQL: SELECT * FROM `cy_newad` WHERE ( ad_type=0 and coin="usdt" ) ORDER BY price LIMIT 2   [ RunTime:0.0005s ]
SQL: SELECT * FROM `cy_newad` WHERE ( ad_type=1 and coin="usdt" ) ORDER BY price LIMIT 2   [ RunTime:0.0003s ]
INFO: [ view_parse ] --START--
INFO: [ template_filter ] --START--
INFO: Run Behavior\ContentReplaceBehavior [ RunTime:0.000306s ]
INFO: [ template_filter ] --END-- [ RunTime:0.000362s ]
NOTIC: [8] Use of undefined constant btc - assumed 'btc' /Library/WebServer/Documents/usdt/Runtime/Cache/Home/2a94b8bda04ff446dcedd42276fc99ee.php 第 53 行.
NOTIC: [8] Undefined index: token /Library/WebServer/Documents/usdt/Runtime/Cache/Home/2a94b8bda04ff446dcedd42276fc99ee.php 第 246 行.
NOTIC: [8] Undefined index: token /Library/WebServer/Documents/usdt/Runtime/Cache/Home/2a94b8bda04ff446dcedd42276fc99ee.php 第 247 行.
SQL: SHOW COLUMNS FROM `cy_user` [ RunTime:0.0030s ]
SQL: SELECT `ue_img` FROM `cy_user` WHERE `id` = 14 LIMIT 1   [ RunTime:0.0006s ]
SQL: SHOW COLUMNS FROM `cy_order` [ RunTime:0.0021s ]
SQL: SELECT COUNT(*) AS tp_count FROM `cy_order` WHERE ( (`status` = 3 and buyid=14) or (`status` = 3 and sellid=14) ) LIMIT 1   [ RunTime:0.0006s ]
SQL: SHOW COLUMNS FROM `cy_evaluation` [ RunTime:0.0015s ]
SQL: SELECT COUNT(*) AS tp_count FROM `cy_evaluation` WHERE `userid` = 14 LIMIT 1   [ RunTime:0.0006s ]
SQL: SELECT `ue_img` FROM `cy_user` WHERE `id` = 12 LIMIT 1   [ RunTime:0.0003s ]
SQL: SELECT COUNT(*) AS tp_count FROM `cy_order` WHERE ( (`status` = 3 and buyid=12) or (`status` = 3 and sellid=12) ) LIMIT 1   [ RunTime:0.0005s ]
SQL: SELECT COUNT(*) AS tp_count FROM `cy_evaluation` WHERE `userid` = 12 LIMIT 1   [ RunTime:0.0004s ]
SQL: SELECT COUNT(*) AS tp_count FROM `cy_evaluation` WHERE `userid` = 12 AND `evaluation` = 'POSITIVE' LIMIT 1   [ RunTime:0.0004s ]
SQL: SELECT `ue_img` FROM `cy_user` WHERE `id` = 12 LIMIT 1   [ RunTime:0.0003s ]
SQL: SELECT COUNT(*) AS tp_count FROM `cy_order` WHERE ( (`status` = 3 and buyid=12) or (`status` = 3 and sellid=12) ) LIMIT 1   [ RunTime:0.0004s ]
SQL: SELECT COUNT(*) AS tp_count FROM `cy_evaluation` WHERE `userid` = 12 LIMIT 1   [ RunTime:0.0003s ]
SQL: SELECT COUNT(*) AS tp_count FROM `cy_evaluation` WHERE `userid` = 12 AND `evaluation` = 'POSITIVE' LIMIT 1   [ RunTime:0.0003s ]
INFO: Run Behavior\ParseTemplateBehavior [ RunTime:0.044634s ]
INFO: [ view_parse ] --END-- [ RunTime:0.044673s ]
INFO: [ view_filter ] --START--
INFO: Run Behavior\WriteHtmlCacheBehavior [ RunTime:0.001510s ]
INFO: [ view_filter ] --END-- [ RunTime:0.001582s ]
NOTIC: [2] Cannot modify header information - headers already sent by (output started at /Library/WebServer/Documents/usdt/Application/Common/Ext/FirePHP.class.php:2336) /Library/WebServer/Documents/usdt/ThinkPHP/Library/Think/View.class.php 第 181 行.
NOTIC: [2] Cannot modify header information - headers already sent by (output started at /Library/WebServer/Documents/usdt/Application/Common/Ext/FirePHP.class.php:2336) /Library/WebServer/Documents/usdt/ThinkPHP/Library/Think/View.class.php 第 183 行.
NOTIC: [2] Cannot modify header information - headers already sent by (output started at /Library/WebServer/Documents/usdt/Application/Common/Ext/FirePHP.class.php:2336) /Library/WebServer/Documents/usdt/ThinkPHP/Library/Think/View.class.php 第 185 行.
INFO: [ app_end ] --START--
INFO: Run Behavior\ShowPageTraceBehavior [ RunTime:0.001896s ]
INFO: [ app_end ] --END-- [ RunTime:0.001998s ]

