[ 2019-01-21T10:53:37+08:00 ] 127.0.0.1 /usdt/index.php
INFO: [ app_init ] --START--
INFO: Run Behavior\BuildLiteBehavior [ RunTime:0.000010s ]
INFO: [ app_init ] --END-- [ RunTime:0.007556s ]
INFO: [ app_begin ] --START--
INFO: Run Behavior\ReadHtmlCacheBehavior [ RunTime:0.001114s ]
NOTIC: [2] Cannot modify header information - headers already sent by (output started at /Library/WebServer/Documents/usdt/Application/Common/Ext/FirePHP.class.php:2336) /Library/WebServer/Documents/usdt/ThinkPHP/Common/functions.php 第 2827 行.
INFO: Run Behavior\CheckLangBehavior [ RunTime:0.002093s ]
INFO: [ app_begin ] --END-- [ RunTime:0.003326s ]
NOTIC: [2] session_start(): Cannot send session cookie - headers already sent by (output started at /Library/WebServer/Documents/usdt/Application/Common/Ext/FirePHP.class.php:2336) /Library/WebServer/Documents/usdt/ThinkPHP/Common/functions.php 第 2527 行.
NOTIC: [2] session_start(): Cannot send session cache limiter - headers already sent (output started at /Library/WebServer/Documents/usdt/Application/Common/Ext/FirePHP.class.php:2336) /Library/WebServer/Documents/usdt/ThinkPHP/Common/functions.php 第 2527 行.
SQL: SHOW COLUMNS FROM `cy_user_coin` [ RunTime:0.0052s ]
SQL: SELECT * FROM `cy_user_coin` WHERE `userid` = null LIMIT 1   [ RunTime:0.0013s ]
SQL: SHOW COLUMNS FROM `cy_newad` [ RunTime:0.0023s ]
SQL: SELECT * FROM `cy_newad` WHERE ( ad_type=0 and coin="usdt" ) ORDER BY price LIMIT 2   [ RunTime:0.0008s ]
SQL: SELECT * FROM `cy_newad` WHERE ( ad_type=1 and coin="usdt" ) ORDER BY price LIMIT 2   [ RunTime:0.0006s ]
INFO: [ view_parse ] --START--
INFO: [ template_filter ] --START--
INFO: Run Behavior\ContentReplaceBehavior [ RunTime:0.000099s ]
INFO: [ template_filter ] --END-- [ RunTime:0.000164s ]
NOTIC: [8] Use of undefined constant btc - assumed 'btc' /Library/WebServer/Documents/usdt/Runtime/Cache/Home/2a94b8bda04ff446dcedd42276fc99ee.php 第 53 行.
NOTIC: [8] Undefined index: token /Library/WebServer/Documents/usdt/Runtime/Cache/Home/2a94b8bda04ff446dcedd42276fc99ee.php 第 246 行.
NOTIC: [8] Undefined index: token /Library/WebServer/Documents/usdt/Runtime/Cache/Home/2a94b8bda04ff446dcedd42276fc99ee.php 第 247 行.
SQL: SHOW COLUMNS FROM `cy_user` [ RunTime:0.0016s ]
SQL: SELECT `ue_img` FROM `cy_user` WHERE `id` = 14 LIMIT 1   [ RunTime:0.0007s ]
SQL: SHOW COLUMNS FROM `cy_order` [ RunTime:0.0015s ]
SQL: SELECT COUNT(*) AS tp_count FROM `cy_order` WHERE ( (`status` = 3 and buyid=14) or (`status` = 3 and sellid=14) ) LIMIT 1   [ RunTime:0.0007s ]
SQL: SHOW COLUMNS FROM `cy_evaluation` [ RunTime:0.0013s ]
SQL: SELECT COUNT(*) AS tp_count FROM `cy_evaluation` WHERE `userid` = 14 LIMIT 1   [ RunTime:0.0007s ]
SQL: SELECT `ue_img` FROM `cy_user` WHERE `id` = 12 LIMIT 1   [ RunTime:0.0003s ]
SQL: SELECT COUNT(*) AS tp_count FROM `cy_order` WHERE ( (`status` = 3 and buyid=12) or (`status` = 3 and sellid=12) ) LIMIT 1   [ RunTime:0.0003s ]
SQL: SELECT COUNT(*) AS tp_count FROM `cy_evaluation` WHERE `userid` = 12 LIMIT 1   [ RunTime:0.0003s ]
SQL: SELECT COUNT(*) AS tp_count FROM `cy_evaluation` WHERE `userid` = 12 AND `evaluation` = 'POSITIVE' LIMIT 1   [ RunTime:0.0003s ]
SQL: SELECT `ue_img` FROM `cy_user` WHERE `id` = 12 LIMIT 1   [ RunTime:0.0003s ]
SQL: SELECT COUNT(*) AS tp_count FROM `cy_order` WHERE ( (`status` = 3 and buyid=12) or (`status` = 3 and sellid=12) ) LIMIT 1   [ RunTime:0.0003s ]
SQL: SELECT COUNT(*) AS tp_count FROM `cy_evaluation` WHERE `userid` = 12 LIMIT 1   [ RunTime:0.0003s ]
SQL: SELECT COUNT(*) AS tp_count FROM `cy_evaluation` WHERE `userid` = 12 AND `evaluation` = 'POSITIVE' LIMIT 1   [ RunTime:0.0003s ]
INFO: Run Behavior\ParseTemplateBehavior [ RunTime:0.076903s ]
INFO: [ view_parse ] --END-- [ RunTime:0.076942s ]
INFO: [ view_filter ] --START--
INFO: Run Behavior\WriteHtmlCacheBehavior [ RunTime:0.001457s ]
INFO: [ view_filter ] --END-- [ RunTime:0.001531s ]
NOTIC: [2] Cannot modify header information - headers already sent by (output started at /Library/WebServer/Documents/usdt/Application/Common/Ext/FirePHP.class.php:2336) /Library/WebServer/Documents/usdt/ThinkPHP/Library/Think/View.class.php 第 181 行.
NOTIC: [2] Cannot modify header information - headers already sent by (output started at /Library/WebServer/Documents/usdt/Application/Common/Ext/FirePHP.class.php:2336) /Library/WebServer/Documents/usdt/ThinkPHP/Library/Think/View.class.php 第 183 行.
NOTIC: [2] Cannot modify header information - headers already sent by (output started at /Library/WebServer/Documents/usdt/Application/Common/Ext/FirePHP.class.php:2336) /Library/WebServer/Documents/usdt/ThinkPHP/Library/Think/View.class.php 第 185 行.
INFO: [ app_end ] --START--
INFO: Run Behavior\ShowPageTraceBehavior [ RunTime:0.002054s ]
INFO: [ app_end ] --END-- [ RunTime:0.002185s ]

[ 2019-01-21T10:53:56+08:00 ] 127.0.0.1 /usdt/index.php
INFO: [ app_init ] --START--
INFO: Run Behavior\BuildLiteBehavior [ RunTime:0.000007s ]
INFO: [ app_init ] --END-- [ RunTime:0.002922s ]
INFO: [ app_begin ] --START--
INFO: Run Behavior\ReadHtmlCacheBehavior [ RunTime:0.000295s ]
NOTIC: [2] Cannot modify header information - headers already sent by (output started at /Library/WebServer/Documents/usdt/Application/Common/Ext/FirePHP.class.php:2336) /Library/WebServer/Documents/usdt/ThinkPHP/Common/functions.php 第 2827 行.
INFO: Run Behavior\CheckLangBehavior [ RunTime:0.000294s ]
INFO: [ app_begin ] --END-- [ RunTime:0.000657s ]
NOTIC: [2] session_start(): Cannot send session cookie - headers already sent by (output started at /Library/WebServer/Documents/usdt/Application/Common/Ext/FirePHP.class.php:2336) /Library/WebServer/Documents/usdt/ThinkPHP/Common/functions.php 第 2527 行.
NOTIC: [2] session_start(): Cannot send session cache limiter - headers already sent (output started at /Library/WebServer/Documents/usdt/Application/Common/Ext/FirePHP.class.php:2336) /Library/WebServer/Documents/usdt/ThinkPHP/Common/functions.php 第 2527 行.
SQL: SHOW COLUMNS FROM `cy_user_coin` [ RunTime:0.0032s ]
SQL: SELECT * FROM `cy_user_coin` WHERE `userid` = null LIMIT 1   [ RunTime:0.0009s ]
SQL: SHOW COLUMNS FROM `cy_newad` [ RunTime:0.0012s ]
SQL: SELECT * FROM `cy_newad` WHERE ( ad_type=0 and coin="usdt" ) ORDER BY price LIMIT 2   [ RunTime:0.0006s ]
SQL: SELECT * FROM `cy_newad` WHERE ( ad_type=1 and coin="usdt" ) ORDER BY price LIMIT 2   [ RunTime:0.0008s ]
INFO: [ view_parse ] --START--
INFO: [ template_filter ] --START--
INFO: Run Behavior\ContentReplaceBehavior [ RunTime:0.000102s ]
INFO: [ template_filter ] --END-- [ RunTime:0.000157s ]
NOTIC: [8] Use of undefined constant btc - assumed 'btc' /Library/WebServer/Documents/usdt/Runtime/Cache/Home/2a94b8bda04ff446dcedd42276fc99ee.php 第 53 行.
NOTIC: [8] Undefined index: token /Library/WebServer/Documents/usdt/Runtime/Cache/Home/2a94b8bda04ff446dcedd42276fc99ee.php 第 246 行.
NOTIC: [8] Undefined index: token /Library/WebServer/Documents/usdt/Runtime/Cache/Home/2a94b8bda04ff446dcedd42276fc99ee.php 第 247 行.
SQL: SHOW COLUMNS FROM `cy_user` [ RunTime:0.0043s ]
SQL: SELECT `ue_img` FROM `cy_user` WHERE `id` = 14 LIMIT 1   [ RunTime:0.0008s ]
SQL: SHOW COLUMNS FROM `cy_order` [ RunTime:0.0035s ]
SQL: SELECT COUNT(*) AS tp_count FROM `cy_order` WHERE ( (`status` = 3 and buyid=14) or (`status` = 3 and sellid=14) ) LIMIT 1   [ RunTime:0.0011s ]
SQL: SHOW COLUMNS FROM `cy_evaluation` [ RunTime:0.0019s ]
SQL: SELECT COUNT(*) AS tp_count FROM `cy_evaluation` WHERE `userid` = 14 LIMIT 1   [ RunTime:0.0006s ]
SQL: SELECT `ue_img` FROM `cy_user` WHERE `id` = 12 LIMIT 1   [ RunTime:0.0004s ]
SQL: SELECT COUNT(*) AS tp_count FROM `cy_order` WHERE ( (`status` = 3 and buyid=12) or (`status` = 3 and sellid=12) ) LIMIT 1   [ RunTime:0.0003s ]
SQL: SELECT COUNT(*) AS tp_count FROM `cy_evaluation` WHERE `userid` = 12 LIMIT 1   [ RunTime:0.0003s ]
SQL: SELECT COUNT(*) AS tp_count FROM `cy_evaluation` WHERE `userid` = 12 AND `evaluation` = 'POSITIVE' LIMIT 1   [ RunTime:0.0003s ]
SQL: SELECT `ue_img` FROM `cy_user` WHERE `id` = 12 LIMIT 1   [ RunTime:0.0006s ]
SQL: SELECT COUNT(*) AS tp_count FROM `cy_order` WHERE ( (`status` = 3 and buyid=12) or (`status` = 3 and sellid=12) ) LIMIT 1   [ RunTime:0.0005s ]
SQL: SELECT COUNT(*) AS tp_count FROM `cy_evaluation` WHERE `userid` = 12 LIMIT 1   [ RunTime:0.0004s ]
SQL: SELECT COUNT(*) AS tp_count FROM `cy_evaluation` WHERE `userid` = 12 AND `evaluation` = 'POSITIVE' LIMIT 1   [ RunTime:0.0004s ]
INFO: Run Behavior\ParseTemplateBehavior [ RunTime:0.070456s ]
INFO: [ view_parse ] --END-- [ RunTime:0.070512s ]
INFO: [ view_filter ] --START--
INFO: Run Behavior\WriteHtmlCacheBehavior [ RunTime:0.000384s ]
INFO: [ view_filter ] --END-- [ RunTime:0.000449s ]
NOTIC: [2] Cannot modify header information - headers already sent by (output started at /Library/WebServer/Documents/usdt/Application/Common/Ext/FirePHP.class.php:2336) /Library/WebServer/Documents/usdt/ThinkPHP/Library/Think/View.class.php 第 181 行.
NOTIC: [2] Cannot modify header information - headers already sent by (output started at /Library/WebServer/Documents/usdt/Application/Common/Ext/FirePHP.class.php:2336) /Library/WebServer/Documents/usdt/ThinkPHP/Library/Think/View.class.php 第 183 行.
NOTIC: [2] Cannot modify header information - headers already sent by (output started at /Library/WebServer/Documents/usdt/Application/Common/Ext/FirePHP.class.php:2336) /Library/WebServer/Documents/usdt/ThinkPHP/Library/Think/View.class.php 第 185 行.
INFO: [ app_end ] --START--
INFO: Run Behavior\ShowPageTraceBehavior [ RunTime:0.000650s ]
INFO: [ app_end ] --END-- [ RunTime:0.000734s ]

