[ 2019-01-20T00:13:58+08:00 ] 127.0.0.1 /usdt/index.php
INFO: [ app_init ] --START--
INFO: Run Behavior\BuildLiteBehavior [ RunTime:0.000007s ]
INFO: [ app_init ] --END-- [ RunTime:0.005889s ]
INFO: [ app_begin ] --START--
INFO: Run Behavior\ReadHtmlCacheBehavior [ RunTime:0.002068s ]
NOTIC: [2] Cannot modify header information - headers already sent by (output started at /Library/WebServer/Documents/usdt/Application/Common/Ext/FirePHP.class.php:2336) /Library/WebServer/Documents/usdt/ThinkPHP/Common/functions.php 第 2827 行.
INFO: Run Behavior\CheckLangBehavior [ RunTime:0.002031s ]
INFO: [ app_begin ] --END-- [ RunTime:0.004262s ]
NOTIC: [2] session_start(): Cannot send session cookie - headers already sent by (output started at /Library/WebServer/Documents/usdt/Application/Common/Ext/FirePHP.class.php:2336) /Library/WebServer/Documents/usdt/ThinkPHP/Common/functions.php 第 2527 行.
NOTIC: [2] session_start(): Cannot send session cache limiter - headers already sent (output started at /Library/WebServer/Documents/usdt/Application/Common/Ext/FirePHP.class.php:2336) /Library/WebServer/Documents/usdt/ThinkPHP/Common/functions.php 第 2527 行.
SQL: SHOW COLUMNS FROM `cy_user_coin` [ RunTime:0.0522s ]
SQL: SELECT * FROM `cy_user_coin` WHERE `userid` = null LIMIT 1   [ RunTime:0.0042s ]
SQL: SHOW COLUMNS FROM `cy_newad` [ RunTime:0.0042s ]
SQL: SELECT * FROM `cy_newad` WHERE ( ad_type=0 and coin="usdt" ) ORDER BY price LIMIT 2   [ RunTime:0.0010s ]
SQL: SELECT * FROM `cy_newad` WHERE ( ad_type=1 and coin="usdt" ) ORDER BY price LIMIT 2   [ RunTime:0.0004s ]
INFO: [ view_parse ] --START--
INFO: [ template_filter ] --START--
INFO: Run Behavior\ContentReplaceBehavior [ RunTime:0.000156s ]
INFO: [ template_filter ] --END-- [ RunTime:0.000245s ]
NOTIC: [8] Use of undefined constant btc - assumed 'btc' /Library/WebServer/Documents/usdt/Runtime/Cache/Home/2a94b8bda04ff446dcedd42276fc99ee.php 第 53 行.
NOTIC: [8] Undefined index: token /Library/WebServer/Documents/usdt/Runtime/Cache/Home/2a94b8bda04ff446dcedd42276fc99ee.php 第 246 行.
NOTIC: [8] Undefined index: token /Library/WebServer/Documents/usdt/Runtime/Cache/Home/2a94b8bda04ff446dcedd42276fc99ee.php 第 247 行.
SQL: SHOW COLUMNS FROM `cy_user` [ RunTime:0.0018s ]
SQL: SELECT `ue_img` FROM `cy_user` WHERE `id` = 14 LIMIT 1   [ RunTime:0.0022s ]
SQL: SHOW COLUMNS FROM `cy_order` [ RunTime:0.0018s ]
SQL: SELECT COUNT(*) AS tp_count FROM `cy_order` WHERE ( (`status` = 3 and buyid=14) or (`status` = 3 and sellid=14) ) LIMIT 1   [ RunTime:0.0020s ]
SQL: SHOW COLUMNS FROM `cy_evaluation` [ RunTime:0.0017s ]
SQL: SELECT COUNT(*) AS tp_count FROM `cy_evaluation` WHERE `userid` = 14 LIMIT 1   [ RunTime:0.0007s ]
SQL: SELECT `ue_img` FROM `cy_user` WHERE `id` = 12 LIMIT 1   [ RunTime:0.0003s ]
SQL: SELECT COUNT(*) AS tp_count FROM `cy_order` WHERE ( (`status` = 3 and buyid=12) or (`status` = 3 and sellid=12) ) LIMIT 1   [ RunTime:0.0004s ]
SQL: SELECT COUNT(*) AS tp_count FROM `cy_evaluation` WHERE `userid` = 12 LIMIT 1   [ RunTime:0.0003s ]
SQL: SELECT COUNT(*) AS tp_count FROM `cy_evaluation` WHERE `userid` = 12 AND `evaluation` = 'POSITIVE' LIMIT 1   [ RunTime:0.0003s ]
SQL: SELECT `ue_img` FROM `cy_user` WHERE `id` = 12 LIMIT 1   [ RunTime:0.0003s ]
SQL: SELECT COUNT(*) AS tp_count FROM `cy_order` WHERE ( (`status` = 3 and buyid=12) or (`status` = 3 and sellid=12) ) LIMIT 1   [ RunTime:0.0003s ]
SQL: SELECT COUNT(*) AS tp_count FROM `cy_evaluation` WHERE `userid` = 12 LIMIT 1   [ RunTime:0.0020s ]
SQL: SELECT COUNT(*) AS tp_count FROM `cy_evaluation` WHERE `userid` = 12 AND `evaluation` = 'POSITIVE' LIMIT 1   [ RunTime:0.0005s ]
INFO: Run Behavior\ParseTemplateBehavior [ RunTime:0.085700s ]
INFO: [ view_parse ] --END-- [ RunTime:0.085776s ]
INFO: [ view_filter ] --START--
INFO: Run Behavior\WriteHtmlCacheBehavior [ RunTime:0.041951s ]
INFO: [ view_filter ] --END-- [ RunTime:0.042049s ]
NOTIC: [2] Cannot modify header information - headers already sent by (output started at /Library/WebServer/Documents/usdt/Application/Common/Ext/FirePHP.class.php:2336) /Library/WebServer/Documents/usdt/ThinkPHP/Library/Think/View.class.php 第 181 行.
NOTIC: [2] Cannot modify header information - headers already sent by (output started at /Library/WebServer/Documents/usdt/Application/Common/Ext/FirePHP.class.php:2336) /Library/WebServer/Documents/usdt/ThinkPHP/Library/Think/View.class.php 第 183 行.
NOTIC: [2] Cannot modify header information - headers already sent by (output started at /Library/WebServer/Documents/usdt/Application/Common/Ext/FirePHP.class.php:2336) /Library/WebServer/Documents/usdt/ThinkPHP/Library/Think/View.class.php 第 185 行.
INFO: [ app_end ] --START--
INFO: Run Behavior\ShowPageTraceBehavior [ RunTime:0.092764s ]
INFO: [ app_end ] --END-- [ RunTime:0.093012s ]

[ 2019-01-20T00:14:08+08:00 ] 127.0.0.1 /usdt/index.php
INFO: [ app_init ] --START--
INFO: Run Behavior\BuildLiteBehavior [ RunTime:0.000007s ]
INFO: [ app_init ] --END-- [ RunTime:0.003358s ]
INFO: [ app_begin ] --START--
INFO: Run Behavior\ReadHtmlCacheBehavior [ RunTime:0.000403s ]
NOTIC: [2] Cannot modify header information - headers already sent by (output started at /Library/WebServer/Documents/usdt/Application/Common/Ext/FirePHP.class.php:2336) /Library/WebServer/Documents/usdt/ThinkPHP/Common/functions.php 第 2827 行.
INFO: Run Behavior\CheckLangBehavior [ RunTime:0.000395s ]
INFO: [ app_begin ] --END-- [ RunTime:0.000914s ]
NOTIC: [2] session_start(): Cannot send session cookie - headers already sent by (output started at /Library/WebServer/Documents/usdt/Application/Common/Ext/FirePHP.class.php:2336) /Library/WebServer/Documents/usdt/ThinkPHP/Common/functions.php 第 2527 行.
NOTIC: [2] session_start(): Cannot send session cache limiter - headers already sent (output started at /Library/WebServer/Documents/usdt/Application/Common/Ext/FirePHP.class.php:2336) /Library/WebServer/Documents/usdt/ThinkPHP/Common/functions.php 第 2527 行.
SQL: SHOW COLUMNS FROM `cy_user_coin` [ RunTime:0.0025s ]
SQL: SELECT * FROM `cy_user_coin` WHERE `userid` = null LIMIT 1   [ RunTime:0.0004s ]
SQL: SHOW COLUMNS FROM `cy_newad` [ RunTime:0.0011s ]
SQL: SELECT * FROM `cy_newad` WHERE ( ad_type=0 and coin="usdt" ) ORDER BY price LIMIT 2   [ RunTime:0.0005s ]
SQL: SELECT * FROM `cy_newad` WHERE ( ad_type=1 and coin="usdt" ) ORDER BY price LIMIT 2   [ RunTime:0.0004s ]
INFO: [ view_parse ] --START--
INFO: [ template_filter ] --START--
INFO: Run Behavior\ContentReplaceBehavior [ RunTime:0.000088s ]
INFO: [ template_filter ] --END-- [ RunTime:0.000149s ]
NOTIC: [8] Use of undefined constant btc - assumed 'btc' /Library/WebServer/Documents/usdt/Runtime/Cache/Home/2a94b8bda04ff446dcedd42276fc99ee.php 第 53 行.
NOTIC: [8] Undefined index: token /Library/WebServer/Documents/usdt/Runtime/Cache/Home/2a94b8bda04ff446dcedd42276fc99ee.php 第 246 行.
NOTIC: [8] Undefined index: token /Library/WebServer/Documents/usdt/Runtime/Cache/Home/2a94b8bda04ff446dcedd42276fc99ee.php 第 247 行.
SQL: SHOW COLUMNS FROM `cy_user` [ RunTime:0.0038s ]
SQL: SELECT `ue_img` FROM `cy_user` WHERE `id` = 14 LIMIT 1   [ RunTime:0.0006s ]
SQL: SHOW COLUMNS FROM `cy_order` [ RunTime:0.0017s ]
SQL: SELECT COUNT(*) AS tp_count FROM `cy_order` WHERE ( (`status` = 3 and buyid=14) or (`status` = 3 and sellid=14) ) LIMIT 1   [ RunTime:0.0006s ]
SQL: SHOW COLUMNS FROM `cy_evaluation` [ RunTime:0.0021s ]
SQL: SELECT COUNT(*) AS tp_count FROM `cy_evaluation` WHERE `userid` = 14 LIMIT 1   [ RunTime:0.0010s ]
SQL: SELECT `ue_img` FROM `cy_user` WHERE `id` = 12 LIMIT 1   [ RunTime:0.0003s ]
SQL: SELECT COUNT(*) AS tp_count FROM `cy_order` WHERE ( (`status` = 3 and buyid=12) or (`status` = 3 and sellid=12) ) LIMIT 1   [ RunTime:0.0003s ]
SQL: SELECT COUNT(*) AS tp_count FROM `cy_evaluation` WHERE `userid` = 12 LIMIT 1   [ RunTime:0.0003s ]
SQL: SELECT COUNT(*) AS tp_count FROM `cy_evaluation` WHERE `userid` = 12 AND `evaluation` = 'POSITIVE' LIMIT 1   [ RunTime:0.0003s ]
SQL: SELECT `ue_img` FROM `cy_user` WHERE `id` = 12 LIMIT 1   [ RunTime:0.0004s ]
SQL: SELECT COUNT(*) AS tp_count FROM `cy_order` WHERE ( (`status` = 3 and buyid=12) or (`status` = 3 and sellid=12) ) LIMIT 1   [ RunTime:0.0004s ]
SQL: SELECT COUNT(*) AS tp_count FROM `cy_evaluation` WHERE `userid` = 12 LIMIT 1   [ RunTime:0.0004s ]
SQL: SELECT COUNT(*) AS tp_count FROM `cy_evaluation` WHERE `userid` = 12 AND `evaluation` = 'POSITIVE' LIMIT 1   [ RunTime:0.0004s ]
INFO: Run Behavior\ParseTemplateBehavior [ RunTime:0.026068s ]
INFO: [ view_parse ] --END-- [ RunTime:0.026108s ]
INFO: [ view_filter ] --START--
INFO: Run Behavior\WriteHtmlCacheBehavior [ RunTime:0.000187s ]
INFO: [ view_filter ] --END-- [ RunTime:0.000222s ]
NOTIC: [2] Cannot modify header information - headers already sent by (output started at /Library/WebServer/Documents/usdt/Application/Common/Ext/FirePHP.class.php:2336) /Library/WebServer/Documents/usdt/ThinkPHP/Library/Think/View.class.php 第 181 行.
NOTIC: [2] Cannot modify header information - headers already sent by (output started at /Library/WebServer/Documents/usdt/Application/Common/Ext/FirePHP.class.php:2336) /Library/WebServer/Documents/usdt/ThinkPHP/Library/Think/View.class.php 第 183 行.
NOTIC: [2] Cannot modify header information - headers already sent by (output started at /Library/WebServer/Documents/usdt/Application/Common/Ext/FirePHP.class.php:2336) /Library/WebServer/Documents/usdt/ThinkPHP/Library/Think/View.class.php 第 185 行.
INFO: [ app_end ] --START--
INFO: Run Behavior\ShowPageTraceBehavior [ RunTime:0.000902s ]
INFO: [ app_end ] --END-- [ RunTime:0.001059s ]

[ 2019-01-20T00:33:12+08:00 ] 127.0.0.1 /usdt/index.php
INFO: [ app_init ] --START--
INFO: Run Behavior\BuildLiteBehavior [ RunTime:0.000010s ]
INFO: [ app_init ] --END-- [ RunTime:0.002213s ]
INFO: [ app_begin ] --START--
INFO: Run Behavior\ReadHtmlCacheBehavior [ RunTime:0.000859s ]
NOTIC: [2] Cannot modify header information - headers already sent by (output started at /Library/WebServer/Documents/usdt/Application/Common/Ext/FirePHP.class.php:2336) /Library/WebServer/Documents/usdt/ThinkPHP/Common/functions.php 第 2827 行.
INFO: Run Behavior\CheckLangBehavior [ RunTime:0.001005s ]
INFO: [ app_begin ] --END-- [ RunTime:0.002076s ]
NOTIC: [2] session_start(): Cannot send session cookie - headers already sent by (output started at /Library/WebServer/Documents/usdt/Application/Common/Ext/FirePHP.class.php:2336) /Library/WebServer/Documents/usdt/ThinkPHP/Common/functions.php 第 2527 行.
NOTIC: [2] session_start(): Cannot send session cache limiter - headers already sent (output started at /Library/WebServer/Documents/usdt/Application/Common/Ext/FirePHP.class.php:2336) /Library/WebServer/Documents/usdt/ThinkPHP/Common/functions.php 第 2527 行.
SQL: SHOW COLUMNS FROM `cy_user_coin` [ RunTime:0.0014s ]
SQL: SELECT * FROM `cy_user_coin` WHERE `userid` = null LIMIT 1   [ RunTime:0.0004s ]
SQL: SHOW COLUMNS FROM `cy_newad` [ RunTime:0.0011s ]
SQL: SELECT * FROM `cy_newad` WHERE ( ad_type=0 and coin="usdt" ) ORDER BY price LIMIT 2   [ RunTime:0.0005s ]
SQL: SELECT * FROM `cy_newad` WHERE ( ad_type=1 and coin="usdt" ) ORDER BY price LIMIT 2   [ RunTime:0.0004s ]
INFO: [ view_parse ] --START--
INFO: [ template_filter ] --START--
INFO: Run Behavior\ContentReplaceBehavior [ RunTime:0.000081s ]
INFO: [ template_filter ] --END-- [ RunTime:0.000135s ]
NOTIC: [8] Use of undefined constant btc - assumed 'btc' /Library/WebServer/Documents/usdt/Runtime/Cache/Home/2a94b8bda04ff446dcedd42276fc99ee.php 第 53 行.
NOTIC: [8] Undefined index: token /Library/WebServer/Documents/usdt/Runtime/Cache/Home/2a94b8bda04ff446dcedd42276fc99ee.php 第 246 行.
NOTIC: [8] Undefined index: token /Library/WebServer/Documents/usdt/Runtime/Cache/Home/2a94b8bda04ff446dcedd42276fc99ee.php 第 247 行.
SQL: SHOW COLUMNS FROM `cy_user` [ RunTime:0.0013s ]
SQL: SELECT `ue_img` FROM `cy_user` WHERE `id` = 14 LIMIT 1   [ RunTime:0.0005s ]
SQL: SHOW COLUMNS FROM `cy_order` [ RunTime:0.0011s ]
SQL: SELECT COUNT(*) AS tp_count FROM `cy_order` WHERE ( (`status` = 3 and buyid=14) or (`status` = 3 and sellid=14) ) LIMIT 1   [ RunTime:0.0005s ]
SQL: SHOW COLUMNS FROM `cy_evaluation` [ RunTime:0.0010s ]
SQL: SELECT COUNT(*) AS tp_count FROM `cy_evaluation` WHERE `userid` = 14 LIMIT 1   [ RunTime:0.0004s ]
SQL: SELECT `ue_img` FROM `cy_user` WHERE `id` = 12 LIMIT 1   [ RunTime:0.0003s ]
SQL: SELECT COUNT(*) AS tp_count FROM `cy_order` WHERE ( (`status` = 3 and buyid=12) or (`status` = 3 and sellid=12) ) LIMIT 1   [ RunTime:0.0003s ]
SQL: SELECT COUNT(*) AS tp_count FROM `cy_evaluation` WHERE `userid` = 12 LIMIT 1   [ RunTime:0.0003s ]
SQL: SELECT COUNT(*) AS tp_count FROM `cy_evaluation` WHERE `userid` = 12 AND `evaluation` = 'POSITIVE' LIMIT 1   [ RunTime:0.0003s ]
SQL: SELECT `ue_img` FROM `cy_user` WHERE `id` = 12 LIMIT 1   [ RunTime:0.0003s ]
SQL: SELECT COUNT(*) AS tp_count FROM `cy_order` WHERE ( (`status` = 3 and buyid=12) or (`status` = 3 and sellid=12) ) LIMIT 1   [ RunTime:0.0004s ]
SQL: SELECT COUNT(*) AS tp_count FROM `cy_evaluation` WHERE `userid` = 12 LIMIT 1   [ RunTime:0.0003s ]
SQL: SELECT COUNT(*) AS tp_count FROM `cy_evaluation` WHERE `userid` = 12 AND `evaluation` = 'POSITIVE' LIMIT 1   [ RunTime:0.0005s ]
INFO: Run Behavior\ParseTemplateBehavior [ RunTime:0.020126s ]
INFO: [ view_parse ] --END-- [ RunTime:0.020197s ]
INFO: [ view_filter ] --START--
INFO: Run Behavior\WriteHtmlCacheBehavior [ RunTime:0.000551s ]
INFO: [ view_filter ] --END-- [ RunTime:0.000641s ]
NOTIC: [2] Cannot modify header information - headers already sent by (output started at /Library/WebServer/Documents/usdt/Application/Common/Ext/FirePHP.class.php:2336) /Library/WebServer/Documents/usdt/ThinkPHP/Library/Think/View.class.php 第 181 行.
NOTIC: [2] Cannot modify header information - headers already sent by (output started at /Library/WebServer/Documents/usdt/Application/Common/Ext/FirePHP.class.php:2336) /Library/WebServer/Documents/usdt/ThinkPHP/Library/Think/View.class.php 第 183 行.
NOTIC: [2] Cannot modify header information - headers already sent by (output started at /Library/WebServer/Documents/usdt/Application/Common/Ext/FirePHP.class.php:2336) /Library/WebServer/Documents/usdt/ThinkPHP/Library/Think/View.class.php 第 185 行.
INFO: [ app_end ] --START--
INFO: Run Behavior\ShowPageTraceBehavior [ RunTime:0.002584s ]
INFO: [ app_end ] --END-- [ RunTime:0.002714s ]

[ 2019-01-20T00:33:21+08:00 ] 127.0.0.1 /usdt/index.php
INFO: [ app_init ] --START--
INFO: Run Behavior\BuildLiteBehavior [ RunTime:0.000007s ]
INFO: [ app_init ] --END-- [ RunTime:0.001990s ]
INFO: [ app_begin ] --START--
INFO: Run Behavior\ReadHtmlCacheBehavior [ RunTime:0.000263s ]
NOTIC: [2] Cannot modify header information - headers already sent by (output started at /Library/WebServer/Documents/usdt/Application/Common/Ext/FirePHP.class.php:2336) /Library/WebServer/Documents/usdt/ThinkPHP/Common/functions.php 第 2827 行.
INFO: Run Behavior\CheckLangBehavior [ RunTime:0.000306s ]
INFO: [ app_begin ] --END-- [ RunTime:0.000677s ]
NOTIC: [2] session_start(): Cannot send session cookie - headers already sent by (output started at /Library/WebServer/Documents/usdt/Application/Common/Ext/FirePHP.class.php:2336) /Library/WebServer/Documents/usdt/ThinkPHP/Common/functions.php 第 2527 行.
NOTIC: [2] session_start(): Cannot send session cache limiter - headers already sent (output started at /Library/WebServer/Documents/usdt/Application/Common/Ext/FirePHP.class.php:2336) /Library/WebServer/Documents/usdt/ThinkPHP/Common/functions.php 第 2527 行.
SQL: SHOW COLUMNS FROM `cy_user_coin` [ RunTime:0.0015s ]
SQL: SELECT * FROM `cy_user_coin` WHERE `userid` = null LIMIT 1   [ RunTime:0.0004s ]
SQL: SHOW COLUMNS FROM `cy_newad` [ RunTime:0.0011s ]
SQL: SELECT * FROM `cy_newad` WHERE ( ad_type=0 and coin="usdt" ) ORDER BY price LIMIT 2   [ RunTime:0.0005s ]
SQL: SELECT * FROM `cy_newad` WHERE ( ad_type=1 and coin="usdt" ) ORDER BY price LIMIT 2   [ RunTime:0.0004s ]
INFO: [ view_parse ] --START--
INFO: [ template_filter ] --START--
INFO: Run Behavior\ContentReplaceBehavior [ RunTime:0.000081s ]
INFO: [ template_filter ] --END-- [ RunTime:0.000135s ]
NOTIC: [8] Use of undefined constant btc - assumed 'btc' /Library/WebServer/Documents/usdt/Runtime/Cache/Home/2a94b8bda04ff446dcedd42276fc99ee.php 第 53 行.
NOTIC: [8] Undefined index: token /Library/WebServer/Documents/usdt/Runtime/Cache/Home/2a94b8bda04ff446dcedd42276fc99ee.php 第 246 行.
NOTIC: [8] Undefined index: token /Library/WebServer/Documents/usdt/Runtime/Cache/Home/2a94b8bda04ff446dcedd42276fc99ee.php 第 247 行.
SQL: SHOW COLUMNS FROM `cy_user` [ RunTime:0.0013s ]
SQL: SELECT `ue_img` FROM `cy_user` WHERE `id` = 14 LIMIT 1   [ RunTime:0.0004s ]
SQL: SHOW COLUMNS FROM `cy_order` [ RunTime:0.0011s ]
SQL: SELECT COUNT(*) AS tp_count FROM `cy_order` WHERE ( (`status` = 3 and buyid=14) or (`status` = 3 and sellid=14) ) LIMIT 1   [ RunTime:0.0004s ]
SQL: SHOW COLUMNS FROM `cy_evaluation` [ RunTime:0.0010s ]
SQL: SELECT COUNT(*) AS tp_count FROM `cy_evaluation` WHERE `userid` = 14 LIMIT 1   [ RunTime:0.0004s ]
SQL: SELECT `ue_img` FROM `cy_user` WHERE `id` = 12 LIMIT 1   [ RunTime:0.0003s ]
SQL: SELECT COUNT(*) AS tp_count FROM `cy_order` WHERE ( (`status` = 3 and buyid=12) or (`status` = 3 and sellid=12) ) LIMIT 1   [ RunTime:0.0003s ]
SQL: SELECT COUNT(*) AS tp_count FROM `cy_evaluation` WHERE `userid` = 12 LIMIT 1   [ RunTime:0.0003s ]
SQL: SELECT COUNT(*) AS tp_count FROM `cy_evaluation` WHERE `userid` = 12 AND `evaluation` = 'POSITIVE' LIMIT 1   [ RunTime:0.0003s ]
SQL: SELECT `ue_img` FROM `cy_user` WHERE `id` = 12 LIMIT 1   [ RunTime:0.0003s ]
SQL: SELECT COUNT(*) AS tp_count FROM `cy_order` WHERE ( (`status` = 3 and buyid=12) or (`status` = 3 and sellid=12) ) LIMIT 1   [ RunTime:0.0003s ]
SQL: SELECT COUNT(*) AS tp_count FROM `cy_evaluation` WHERE `userid` = 12 LIMIT 1   [ RunTime:0.0003s ]
SQL: SELECT COUNT(*) AS tp_count FROM `cy_evaluation` WHERE `userid` = 12 AND `evaluation` = 'POSITIVE' LIMIT 1   [ RunTime:0.0003s ]
INFO: Run Behavior\ParseTemplateBehavior [ RunTime:0.018625s ]
INFO: [ view_parse ] --END-- [ RunTime:0.018667s ]
INFO: [ view_filter ] --START--
INFO: Run Behavior\WriteHtmlCacheBehavior [ RunTime:0.000195s ]
INFO: [ view_filter ] --END-- [ RunTime:0.000231s ]
NOTIC: [2] Cannot modify header information - headers already sent by (output started at /Library/WebServer/Documents/usdt/Application/Common/Ext/FirePHP.class.php:2336) /Library/WebServer/Documents/usdt/ThinkPHP/Library/Think/View.class.php 第 181 行.
NOTIC: [2] Cannot modify header information - headers already sent by (output started at /Library/WebServer/Documents/usdt/Application/Common/Ext/FirePHP.class.php:2336) /Library/WebServer/Documents/usdt/ThinkPHP/Library/Think/View.class.php 第 183 行.
NOTIC: [2] Cannot modify header information - headers already sent by (output started at /Library/WebServer/Documents/usdt/Application/Common/Ext/FirePHP.class.php:2336) /Library/WebServer/Documents/usdt/ThinkPHP/Library/Think/View.class.php 第 185 行.
INFO: [ app_end ] --START--
INFO: Run Behavior\ShowPageTraceBehavior [ RunTime:0.000649s ]
INFO: [ app_end ] --END-- [ RunTime:0.000892s ]

